[35m[31m>>>>>>>>>>>>>>>>>>>>>>>>>>>Welcome to Calendear!<<<<<<<<<<<<<<<<<<<<<<<<<<<
[0m[0m
[35mPlease enter command:[0m
[31mAdded task:
[0m[36mTask name:[0mgo buy lemons for mom
[36mDue time:[0mSun, 03 Apr 2016, 19:00
[36mFinished:[0mNo

[35mPlease enter command:[0m
[31mAdded task:
[0m[36mTask name:[0mdo homework
[36mDue time:[0mFri, 01 Apr 2016, 19:00
[36mFinished:[0mNo

[35mPlease enter command:[0m
[31mAdded task:
[0m[36mTask name:[0mvisit gardens by the bay
[36mDue time:[0mSat, 02 Apr 2016, 09:00
[36mFinished:[0mNo

[35mPlease enter command:[0m
[31mDisplay tasks:
[0m[32m***************************************************************************
[0m|  |[36mImportant:[0m|[36mTask name:[0m      |[36mTag:[0m            |[36mStart time:[0m |[36mEnd time:[0m   |
[32m***************************************************************************
[0m[31m********************************Incomplete*********************************
[0m|1.|          |go buy lemons   |                |            |Sun, 03 Apr |
|  |          | for mom        |                |            | 2016, 19:00|
[32m***************************************************************************
[0m|2.|          |do homework     |                |            |Fri, 01 Apr |
|  |          |                |                |            | 2016, 19:00|
[32m***************************************************************************
[0m|3.|          |visit gardens by|                |            |Sat, 02 Apr |
|  |          | the bay        |                |            | 2016, 09:00|
[32m***************************************************************************
[0m[31m*********************************Completed*********************************
[0mYou do not have any completed task
[32m***************************************************************************
[0m
[35mPlease enter command:[0m
[35mPlease enter command:[0m
[31mFinished task:
[0m[36mTask name:[0mdo homework
[36mDue time:[0mFri, 01 Apr 2016, 19:00
[36mFinished:[0mYes

[35mPlease enter command:[0m
[31mDisplay tasks:
[0m[32m***************************************************************************
[0m|  |[36mImportant:[0m|[36mTask name:[0m      |[36mTag:[0m            |[36mStart time:[0m |[36mEnd time:[0m   |
[32m***************************************************************************
[0m[31m********************************Incomplete*********************************
[0m|1.|√       |go buy lemons   |                |            |Sun, 03 Apr |
|  |          | for mom        |                |            | 2016, 19:00|
[32m***************************************************************************
[0m|3.|          |visit gardens by|                |            |Sat, 02 Apr |
|  |          | the bay        |                |            | 2016, 09:00|
[32m***************************************************************************
[0m[31m*********************************Completed*********************************
[0m|2.|          |do homework     |                |            |Fri, 01 Apr |
|  |          |                |                |            | 2016, 19:00|
[32m***************************************************************************
[0m
[35mPlease enter command:[0m
[35mPlease enter command:[0m
[35mPlease enter command:[0m
[31mFinished task:
[0m[36mTask name:[0mvisit gardens by the bay
[36mDue time:[0mSat, 02 Apr 2016, 09:00
[36mFinished:[0mYes

[35mPlease enter command:[0m
[31mFinished task:
[0m[36mTask name:[0mdo homework
[36mDue time:[0mFri, 01 Apr 2016, 19:00
[36mImportant:[0mYes
[36mFinished:[0mYes

[35mPlease enter command:[0m
[31mFinished task:
[0m[36mTask name:[0mgo buy lemons for mom
[36mDue time:[0mSun, 03 Apr 2016, 19:00
[36mImportant:[0mYes
[36mFinished:[0mYes

[35mPlease enter command:[0m
[35mPlease enter command:[0m
[31mDisplay tasks:
[0m[32m***************************************************************************
[0m|  |[36mImportant:[0m|[36mTask name:[0m      |[36mTag:[0m            |[36mStart time:[0m |[36mEnd time:[0m   |
[32m***************************************************************************
[0m[31m********************************Incomplete*********************************
[0m|1.|√       |go buy lemons   |                |            |Sun, 03 Apr |
|  |          | for mom        |                |            | 2016, 19:00|
[32m***************************************************************************
[0m[31m*********************************Completed*********************************
[0m|2.|√       |do homework     |                |            |Fri, 01 Apr |
|  |          |                |                |            | 2016, 19:00|
[32m***************************************************************************
[0m|3.|          |visit gardens by|                |            |Sat, 02 Apr |
|  |          | the bay        |                |            | 2016, 09:00|
[32m***************************************************************************
[0m
[35mPlease enter command:[0m
[35mPlease enter command:[0m
[31mDisplay tasks:
[0m[32m***************************************************************************
[0m|  |[36mImportant:[0m|[36mTask name:[0m      |[36mTag:[0m            |[36mStart time:[0m |[36mEnd time:[0m   |
[32m***************************************************************************
[0m[31m********************************Incomplete*********************************
[0m|1.|√       |go buy lemons   |                |            |Sun, 03 Apr |
|  |          | for mom        |                |            | 2016, 19:00|
[32m***************************************************************************
[0m|2.|√       |do homework     |                |            |Fri, 01 Apr |
|  |          |                |                |            | 2016, 19:00|
[32m***************************************************************************
[0m[31m*********************************Completed*********************************
[0m|3.|          |visit gardens by|                |            |Sat, 02 Apr |
|  |          | the bay        |                |            | 2016, 09:00|
[32m***************************************************************************
[0m
[35mPlease enter command:[0m
[35mPlease enter command:[0m
[31mDisplay tasks:
[0m[32m***************************************************************************
[0m|  |[36mImportant:[0m|[36mTask name:[0m      |[36mTag:[0m            |[36mStart time:[0m |[36mEnd time:[0m   |
[32m***************************************************************************
[0m[31m********************************Incomplete*********************************
[0m|1.|√       |go buy lemons   |                |            |Sun, 03 Apr |
|  |          | for mom        |                |            | 2016, 19:00|
[32m***************************************************************************
[0m|2.|√       |do homework     |                |            |Fri, 01 Apr |
|  |          |                |                |            | 2016, 19:00|
[32m***************************************************************************
[0m|3.|          |visit gardens by|                |            |Sat, 02 Apr |
|  |          | the bay        |                |            | 2016, 09:00|
[32m***************************************************************************
[0m[31m*********************************Completed*********************************
[0mYou do not have any completed task
[32m***************************************************************************
[0m
[35mPlease enter command:[0m
[35mPlease enter command:[0m
[31mDisplay tasks:
[0m[32m***************************************************************************
[0m|  |[36mImportant:[0m|[36mTask name:[0m      |[36mTag:[0m            |[36mStart time:[0m |[36mEnd time:[0m   |
[32m***************************************************************************
[0m[31m********************************Incomplete*********************************
[0m|1.|√       |go buy lemons   |                |            |Sun, 03 Apr |
|  |          | for mom        |                |            | 2016, 19:00|
[32m***************************************************************************
[0m|2.|          |do homework     |                |            |Fri, 01 Apr |
|  |          |                |                |            | 2016, 19:00|
[32m***************************************************************************
[0m|3.|          |visit gardens by|                |            |Sat, 02 Apr |
|  |          | the bay        |                |            | 2016, 09:00|
[32m***************************************************************************
[0m[31m*********************************Completed*********************************
[0mYou do not have any completed task
[32m***************************************************************************
[0m
[35mPlease enter command:[0m
[35mPlease enter command:[0m
[31mDisplay tasks:
[0m[32m***************************************************************************
[0m|  |[36mImportant:[0m|[36mTask name:[0m      |[36mTag:[0m            |[36mStart time:[0m |[36mEnd time:[0m   |
[32m***************************************************************************
[0m[31m********************************Incomplete*********************************
[0m|1.|          |go buy lemons   |                |            |Sun, 03 Apr |
|  |          | for mom        |                |            | 2016, 19:00|
[32m***************************************************************************
[0m|2.|          |do homework     |                |            |Fri, 01 Apr |
|  |          |                |                |            | 2016, 19:00|
[32m***************************************************************************
[0m|3.|          |visit gardens by|                |            |Sat, 02 Apr |
|  |          | the bay        |                |            | 2016, 09:00|
[32m***************************************************************************
[0m[31m*********************************Completed*********************************
[0mYou do not have any completed task
[32m***************************************************************************
[0m
[35mPlease enter command:[0m
[35mPlease enter command:[0m
[31mDisplay tasks:
[0m[32m***************************************************************************
[0m|  |[36mImportant:[0m|[36mTask name:[0m      |[36mTag:[0m            |[36mStart time:[0m |[36mEnd time:[0m   |
[32m***************************************************************************
[0m[31m********************************Incomplete*********************************
[0m|1.|          |go buy lemons   |                |            |Sun, 03 Apr |
|  |          | for mom        |                |            | 2016, 19:00|
[32m***************************************************************************
[0m|2.|          |do homework     |                |            |Fri, 01 Apr |
|  |          |                |                |            | 2016, 19:00|
[32m***************************************************************************
[0m[31m*********************************Completed*********************************
[0mYou do not have any completed task
[32m***************************************************************************
[0m
[35mPlease enter command:[0m
[35mPlease enter command:[0m
[31mDisplay tasks:
[0m[32m***************************************************************************
[0m|  |[36mImportant:[0m|[36mTask name:[0m      |[36mTag:[0m            |[36mStart time:[0m |[36mEnd time:[0m   |
[32m***************************************************************************
[0m[31m********************************Incomplete*********************************
[0m|1.|          |go buy lemons   |                |            |Sun, 03 Apr |
|  |          | for mom        |                |            | 2016, 19:00|
[32m***************************************************************************
[0m[31m*********************************Completed*********************************
[0mYou do not have any completed task
[32m***************************************************************************
[0m
[35mPlease enter command:[0m
[35mPlease enter command:[0m
[31mDisplay tasks:
[0m[32m***************************************************************************
[0m|  |[36mImportant:[0m|[36mTask name:[0m      |[36mTag:[0m            |[36mStart time:[0m |[36mEnd time:[0m   |
[32m***************************************************************************
[0m[31m********************************Incomplete*********************************
[0mYou do not have any incomplete task
[32m***************************************************************************
[0m[31m*********************************Completed*********************************
[0mYou do not have any completed task
[32m***************************************************************************
[0m
[35mPlease enter command:[0m
[31mExited[0m
