[35m[31m>>>>>>>>>>>>>>>>>>>>>>>>>>>Welcome to Calendear!<<<<<<<<<<<<<<<<<<<<<<<<<<<
[0m[0m
[35mPlease enter command:[0m
[31mAdded task:
[0m[36mTask name:[0mattend 2101
[36mDue time:[0mWed, 06 Apr 2016, 10:15
[36mFinished:[0mNo

[35mPlease enter command:[0m
[31mAdded task:
[0m[36mTask name:[0mattend 2103
[36mDue time:[0mWed, 06 Apr 2016, 15:00
[36mFinished:[0mNo

[35mPlease enter command:[0m
[31mDisplay tasks:
[0m[32m***************************************************************************
[0m|  |[36mImportant:[0m|[36mTask name:[0m      |[36mTag:[0m            |[36mStart time:[0m |[36mEnd time:[0m   |
[32m***************************************************************************
[0m[31m********************************Incomplete*********************************
[0m|1.|          |attend 2101     |                |            |Wed, 06 Apr |
|  |          |                |                |            | 2016, 10:15|
[32m***************************************************************************
[0m|2.|          |attend 2103     |                |            |Wed, 06 Apr |
|  |          |                |                |            | 2016, 15:00|
[32m***************************************************************************
[0m[31m*********************************Completed*********************************
[0mYou do not have any completed task
[32m***************************************************************************
[0m
[35mPlease enter command:[0m
[31mUpdated task:
[0m[32m***************************************************************************
[0m|  |[36mImportant:[0m|[36mTask name:[0m      |[36mTag:[0m            |[36mStart time:[0m |[36mEnd time:[0m   |
[32m***************************************************************************
[0m|  |          |attend 2101     |                |            |Fri, 01 Apr |
|  |          |                |                |            | 2016, 10:00|
[32m***************************************************************************
[0m
[35mPlease enter command:[0m
[31mUpdated task:
[0m[32m***************************************************************************
[0m|  |[36mImportant:[0m|[36mTask name:[0m      |[36mTag:[0m            |[36mStart time:[0m |[36mEnd time:[0m   |
[32m***************************************************************************
[0m|  |√       |attend 2101     |                |            |Fri, 01 Apr |
|  |          |                |                |            | 2016, 10:00|
[32m***************************************************************************
[0m
[35mPlease enter command:[0m
[31mUpdated task:
[0m[32m***************************************************************************
[0m|  |[36mImportant:[0m|[36mTask name:[0m      |[36mTag:[0m            |[36mStart time:[0m |[36mEnd time:[0m   |
[32m***************************************************************************
[0m|  |√       |attend 2101     |                |            |Fri, 01 Apr |
|  |          |                |                |            | 2016, 10:00|
[32m***************************************************************************
[0m
[35mPlease enter command:[0m
[31mDisplay tasks:
[0m[32m***************************************************************************
[0m|  |[36mImportant:[0m|[36mTask name:[0m      |[36mTag:[0m            |[36mStart time:[0m |[36mEnd time:[0m   |
[32m***************************************************************************
[0m[31m********************************Incomplete*********************************
[0m|2.|          |attend 2103     |                |            |Wed, 06 Apr |
|  |          |                |                |            | 2016, 15:00|
[32m***************************************************************************
[0m[31m*********************************Completed*********************************
[0m|1.|√       |attend 2101     |                |            |Fri, 01 Apr |
|  |          |                |                |            | 2016, 10:00|
[32m***************************************************************************
[0m
[35mPlease enter command:[0m
[31mUpdated task:
[0m[32m***************************************************************************
[0m|  |[36mImportant:[0m|[36mTask name:[0m      |[36mTag:[0m            |[36mStart time:[0m |[36mEnd time:[0m   |
[32m***************************************************************************
[0m|  |          |attend 2103     |                |            |Wed, 06 Apr |
|  |          |                |                |            | 2016, 15:00|
[32m***************************************************************************
[0m
[35mPlease enter command:[0m
[31mExited[0m
