[35m[31m>>>>>>>>>>>>>>>>>>>>>>>>>>>Welcome to Calendear!<<<<<<<<<<<<<<<<<<<<<<<<<<<
[0m[0m
[35mPlease enter command:[0m
[31mAdded task:
[0m[36mTask name:[0mdo math homework
[36mDue time:[0mThu, 31 Mar 2016, 10:16
[36mFinished:[0mNo

[35mPlease enter command:[0m
[31mDisplay tasks:
[0m[32m***************************************************************************
[0m|  |[36mImportant:[0m|[36mTask name:[0m      |[36mTag:[0m            |[36mStart time:[0m |[36mEnd time:[0m   |
[32m***************************************************************************
[0m[31m********************************Incomplete*********************************
[0m|1.|          |do math homework|                |            |Thu, 31 Mar |
|  |          |                |                |            | 2016, 10:16|
[32m***************************************************************************
[0m[31m*********************************Completed*********************************
[0mYou do not have any completed task
[32m***************************************************************************
[0m
[35mPlease enter command:[0m
[31mUpdated task:
[0m[32m***************************************************************************
[0m|  |[36mImportant:[0m|[36mTask name:[0m      |[36mTag:[0m            |[36mStart time:[0m |[36mEnd time:[0m   |
[32m***************************************************************************
[0m|  |          |do math homework|                |            |Fri, 01 Apr |
|  |          |                |                |            | 2016, 14:00|
[32m***************************************************************************
[0m
[35mPlease enter command:[0m
[31mDisplay tasks:
[0m[32m***************************************************************************
[0m|  |[36mImportant:[0m|[36mTask name:[0m      |[36mTag:[0m            |[36mStart time:[0m |[36mEnd time:[0m   |
[32m***************************************************************************
[0m[31m********************************Incomplete*********************************
[0m|1.|          |do math homework|                |            |Fri, 01 Apr |
|  |          |                |                |            | 2016, 14:00|
[32m***************************************************************************
[0m[31m*********************************Completed*********************************
[0mYou do not have any completed task
[32m***************************************************************************
[0m
[35mPlease enter command:[0m
[31mUpdated task:
[0m[32m***************************************************************************
[0m|  |[36mImportant:[0m|[36mTask name:[0m      |[36mTag:[0m            |[36mStart time:[0m |[36mEnd time:[0m   |
[32m***************************************************************************
[0m|  |√       |do math homework|                |            |Fri, 01 Apr |
|  |          |                |                |            | 2016, 14:00|
[32m***************************************************************************
[0m
[35mPlease enter command:[0m
[31mDisplay tasks:
[0m[32m***************************************************************************
[0m|  |[36mImportant:[0m|[36mTask name:[0m      |[36mTag:[0m            |[36mStart time:[0m |[36mEnd time:[0m   |
[32m***************************************************************************
[0m[31m********************************Incomplete*********************************
[0mYou do not have any incomplete task
[32m***************************************************************************
[0m[31m*********************************Completed*********************************
[0m|1.|√       |do math homework|                |            |Fri, 01 Apr |
|  |          |                |                |            | 2016, 14:00|
[32m***************************************************************************
[0m
[35mPlease enter command:[0m
[31mExited[0m
